main - us.codecraft.webmagic.Spider 0    INFO   - Spider weibo.com started!
main - us.codecraft.webmagic.Spider 0    INFO   - Spider weibo.com started!
main - us.codecraft.webmagic.Spider 0    INFO   - Spider weibo.com started!
pool-1-thread-1 - us.codecraft.webmagic.downloader.selenium.SeleniumDownloader 10960 INFO   - downloading page http://weibo.com/jfjb
pool-1-thread-1 - us.codecraft.webmagic.Spider 112985 ERROR  - process request Request{url='http://weibo.com/jfjb', method='null', extras=null, priority=0} error
java.lang.NullPointerException
	at us.codecraft.webmagic.Page.addTargetRequest(Page.java:148)
	at us.codecraft.webmagic.downloader.selenium.SeleniumDownloader.download(SeleniumDownloader.java:162)
	at us.codecraft.webmagic.Spider.processRequest(Spider.java:408)
	at us.codecraft.webmagic.Spider$1.run(Spider.java:322)
	at us.codecraft.webmagic.selector.thread.CountableThreadPool$1.run(CountableThreadPool.java:74)
	at java.util.concurrent.ThreadPoolExecutor.runWorker(ThreadPoolExecutor.java:1145)
	at java.util.concurrent.ThreadPoolExecutor$Worker.run(ThreadPoolExecutor.java:615)
	at java.lang.Thread.run(Thread.java:745)
main - us.codecraft.webmagic.Spider 0    INFO   - Spider weibo.com started!
pool-1-thread-1 - us.codecraft.webmagic.downloader.selenium.SeleniumDownloader 5787 INFO   - downloading page http://weibo.com/jfjb
pool-1-thread-1 - us.codecraft.webmagic.downloader.selenium.SeleniumDownloader 274137 INFO   - downloading page http://weibo.com/2280198017/BCyWS4Ht9?from=page_1002062280198017_profile&wvr=6&mod=weibotime
pool-1-thread-1 - us.codecraft.webmagic.Spider 310188 ERROR  - process request Request{url='http://weibo.com/2280198017/BCyWS4Ht9?from=page_1002062280198017_profile&wvr=6&mod=weibotime', method='null', extras=null, priority=0} error
org.openqa.selenium.NoSuchElementException: no such element
  (Session info: chrome=39.0.2171.95)
  (Driver info: chromedriver=2.13.307649 (bf55b442bb6b5c923249dd7870d6a107678bfbb6),platform=Linux 3.11.0-20-generic x86_64) (WARNING: The server did not provide any stacktrace information)
Command duration or timeout: 45 milliseconds
For documentation on this error, please visit: http://seleniumhq.org/exceptions/no_such_element.html
Build info: version: '2.42.2', revision: '6a6995d', time: '2014-06-03 17:42:30'
System info: host: 'xsongx-ThinkPad', ip: '127.0.1.1', os.name: 'Linux', os.arch: 'amd64', os.version: '3.11.0-20-generic', java.version: '1.7.0_67'
Session ID: bd8980467cb6af433ad21675c44ee053
Driver info: org.openqa.selenium.chrome.ChromeDriver
Capabilities [{platform=LINUX, acceptSslCerts=true, javascriptEnabled=true, browserName=chrome, chrome={userDataDir=/tmp/.com.google.Chrome.Vjoi6b}, rotatable=false, locationContextEnabled=true, mobileEmulationEnabled=false, version=39.0.2171.95, takesHeapSnapshot=true, cssSelectorsEnabled=true, databaseEnabled=false, handlesAlerts=true, browserConnectionEnabled=false, nativeEvents=true, webStorageEnabled=true, applicationCacheEnabled=false, takesScreenshot=true}]
	at sun.reflect.NativeConstructorAccessorImpl.newInstance0(Native Method)
	at sun.reflect.NativeConstructorAccessorImpl.newInstance(NativeConstructorAccessorImpl.java:57)
	at sun.reflect.DelegatingConstructorAccessorImpl.newInstance(DelegatingConstructorAccessorImpl.java:45)
	at java.lang.reflect.Constructor.newInstance(Constructor.java:526)
	at org.openqa.selenium.remote.ErrorHandler.createThrowable(ErrorHandler.java:204)
	at org.openqa.selenium.remote.ErrorHandler.throwIfResponseFailed(ErrorHandler.java:156)
	at org.openqa.selenium.remote.RemoteWebDriver.execute(RemoteWebDriver.java:599)
	at org.openqa.selenium.remote.RemoteWebDriver.findElement(RemoteWebDriver.java:352)
	at org.openqa.selenium.remote.RemoteWebDriver.findElementByXPath(RemoteWebDriver.java:449)
	at org.openqa.selenium.By$ByXPath.findElement(By.java:357)
	at org.openqa.selenium.remote.RemoteWebDriver.findElement(RemoteWebDriver.java:344)
	at us.codecraft.webmagic.downloader.selenium.SeleniumDownloader.download(SeleniumDownloader.java:158)
	at us.codecraft.webmagic.Spider.processRequest(Spider.java:408)
	at us.codecraft.webmagic.Spider$1.run(Spider.java:322)
	at us.codecraft.webmagic.selector.thread.CountableThreadPool$1.run(CountableThreadPool.java:74)
	at java.util.concurrent.ThreadPoolExecutor.runWorker(ThreadPoolExecutor.java:1145)
	at java.util.concurrent.ThreadPoolExecutor$Worker.run(ThreadPoolExecutor.java:615)
	at java.lang.Thread.run(Thread.java:745)
main - us.codecraft.webmagic.Spider 0    INFO   - Spider weibo.com started!
pool-1-thread-1 - us.codecraft.webmagic.downloader.selenium.SeleniumDownloader 8560 INFO   - downloading page http://weibo.com/jfjb
pool-1-thread-1 - us.codecraft.webmagic.downloader.selenium.SeleniumDownloader 59569 INFO   - Already login!
pool-1-thread-1 - us.codecraft.webmagic.downloader.selenium.SeleniumDownloader 149324 INFO   - downloading page http://weibo.com/2280198017/BCyWS4Ht9?from=page_1002062280198017_profile&wvr=6&mod=weibotime
pool-1-thread-1 - us.codecraft.webmagic.downloader.selenium.SeleniumDownloader 173026 INFO   - Already login!
pool-1-thread-1 - us.codecraft.webmagic.downloader.selenium.SeleniumDownloader 219749 INFO   - downloading page http://weibo.com/2280198017/BD59UfRUB?from=page_1002062280198017_profile&wvr=6&mod=weibotime
pool-1-thread-1 - us.codecraft.webmagic.downloader.selenium.SeleniumDownloader 241089 INFO   - Already login!
pool-1-thread-1 - us.codecraft.webmagic.downloader.selenium.SeleniumDownloader 360432 INFO   - downloading page http://weibo.com/2280198017/BD47honps
pool-1-thread-1 - us.codecraft.webmagic.downloader.selenium.SeleniumDownloader 401617 INFO   - Already login!
main - us.codecraft.webmagic.Spider 0    INFO   - Spider weibo.com started!
pool-1-thread-1 - us.codecraft.webmagic.downloader.selenium.SeleniumDownloader 1383 INFO   - downloading page http://weibo.com/jfjb
pool-1-thread-1 - us.codecraft.webmagic.downloader.selenium.SeleniumDownloader 28430 INFO   - Already login!
pool-1-thread-1 - us.codecraft.webmagic.downloader.selenium.SeleniumDownloader 38896 INFO   - downloading page http://weibo.com/2280198017/BCyWS4Ht9?from=page_1002062280198017_profile&wvr=6&mod=weibotime
pool-1-thread-1 - us.codecraft.webmagic.downloader.selenium.SeleniumDownloader 45895 INFO   - Already login!
pool-1-thread-1 - us.codecraft.webmagic.downloader.selenium.SeleniumDownloader 49156 INFO   - downloading page http://weibo.com/2280198017/BD5m5gmBV?from=page_1002062280198017_profile&wvr=6&mod=weibotime
pool-1-thread-1 - us.codecraft.webmagic.downloader.selenium.SeleniumDownloader 56008 INFO   - Already login!
pool-1-thread-1 - us.codecraft.webmagic.downloader.selenium.SeleniumDownloader 59197 INFO   - downloading page http://weibo.com/2280198017/BD59UfRUB?from=page_1002062280198017_profile&wvr=6&mod=weibotime
pool-1-thread-1 - us.codecraft.webmagic.downloader.selenium.SeleniumDownloader 66826 INFO   - Already login!
pool-1-thread-1 - us.codecraft.webmagic.downloader.selenium.SeleniumDownloader 70008 INFO   - downloading page http://weibo.com/2280198017/BD47honps
pool-1-thread-1 - us.codecraft.webmagic.downloader.selenium.SeleniumDownloader 76682 INFO   - Already login!
pool-1-thread-1 - us.codecraft.webmagic.downloader.selenium.SeleniumDownloader 79892 INFO   - downloading page http://weibo.com/2280198017/BD53EeYyU?from=page_1002062280198017_profile&wvr=6&mod=weibotime
pool-1-thread-1 - us.codecraft.webmagic.downloader.selenium.SeleniumDownloader 86651 INFO   - Already login!
pool-1-thread-1 - us.codecraft.webmagic.downloader.selenium.SeleniumDownloader 89768 INFO   - downloading page http://weibo.com/2280198017/BD4XIoUqY?from=page_1002062280198017_profile&wvr=6&mod=weibotime
pool-1-thread-1 - us.codecraft.webmagic.downloader.selenium.SeleniumDownloader 96754 INFO   - Already login!
pool-1-thread-1 - us.codecraft.webmagic.downloader.selenium.SeleniumDownloader 99890 INFO   - downloading page http://weibo.com/2280198017/BD4VahQ9z?from=page_1002062280198017_profile&wvr=6&mod=weibotime
pool-1-thread-1 - us.codecraft.webmagic.downloader.selenium.SeleniumDownloader 107523 INFO   - Already login!
pool-1-thread-1 - us.codecraft.webmagic.downloader.selenium.SeleniumDownloader 110671 INFO   - downloading page http://weibo.com/2280198017/BD4LyzEWM?from=page_1002062280198017_profile&wvr=6&mod=weibotime
pool-1-thread-1 - us.codecraft.webmagic.downloader.selenium.SeleniumDownloader 118622 INFO   - Already login!
pool-1-thread-1 - us.codecraft.webmagic.downloader.selenium.SeleniumDownloader 121736 INFO   - downloading page http://weibo.com/2280198017/BD4zpoDl8?from=page_1002062280198017_profile&wvr=6&mod=weibotime
pool-1-thread-1 - us.codecraft.webmagic.downloader.selenium.SeleniumDownloader 128507 INFO   - Already login!
pool-1-thread-1 - us.codecraft.webmagic.downloader.selenium.SeleniumDownloader 131640 INFO   - downloading page http://weibo.com/2280198017/BD4ne60Ic?from=page_1002062280198017_profile&wvr=6&mod=weibotime
